grass.png
stub.png
stonefloor.png
bricks.png
arch.png
bars.png
stub.png
stub.png
stub.png
stub.png
stub.png
stub.png
stub.png
stub.png
stub.png
stub.png
stub.png
stub.png
stub.png
stub.png
stub.png
stub.png
stub.png
stub.png
stub.png
stub.png
stub.png
stub.png
stub.png
stub.png
stub.png
stub.png
stub.png
stub.png
MonkAttack0.png
stub.png
stub.png
stub.png
stub.png
stub.png
stub.png
ceiling.png
ceilingdoor.png
ceilingbegin.png
ceilingend.png
stub.png
stub.png
stub.png
ceilingbars.png
stub.png
stonegrassfar.png
grassstonefar.png
stonegrassnear.png
grassstonenear.png
stub.png
stub.png
stub.png
stub.png
stub.png
slot.png
stub.png
stub.png
cobblestone.png
fence.png
